<component name="libraryTable">
  <library name="junit-4.10">
    <CLASSES>
      <root url="jar://$PROJECT_DIR$/lib/junit-4.101.jar!/" />
    </CLASSES>
    <JAVADOC />
    <SOURCES />
  </library>
</component>