<component name="libraryTable">
  <library name="junit:4.10-src-javadoc">
    <CLASSES />
    <JAVADOC>
      <root url="jar://$PROJECT_DIR$/lib/junit-4.10-javadoc.jar!/" />
    </JAVADOC>
    <SOURCES>
      <root url="jar://$PROJECT_DIR$/lib/junit-4.10-sources.jar!/" />
    </SOURCES>
  </library>
</component>